C:\Qt\Tools\mingw1310_64\bin\mingw32-make.exe -C c:\Users\ferna\WORK\Projetos_CPP\File_Manager/cmake-build-debug --dry-run --dry-run --print-data-base --question
# GNU Make 4.2.1
# Built for x86_64-w64-mingw32
# Copyright (C) 1988-2016 Free Software Foundation, Inc.
# License GPLv3+: GNU GPL version 3 or later <http://gnu.org/licenses/gpl.html>
# This is free software: you are free to change and redistribute it.
# There is NO WARRANTY, to the extent permitted by law.

# Make data base, printed on Wed Jun 25 14:37:07 2025

# Variables

# 'override' directive
GNUMAKEFLAGS := 
# environment
POWERSHELL_DISTRIBUTION_CHANNEL = MSI:Windows 10 Pro
# automatic
?F = $(notdir $?)
# automatic
<D = $(patsubst %/,%,$(patsubst %\,%,$(dir $<)))
# environment
EFC_10708_2775293581 = 1
# default
.SHELLFLAGS := -c
# environment
VSCODE_CRASH_REPORTER_PROCESS_TYPE = extensionHost
# makefile
MAKEFLAGS = npqsw
# environment
EFC_10708_1262719628 = 1
# default
CWEAVE = cweave
# automatic
?D = $(patsubst %/,%,$(patsubst %\,%,$(dir $?)))
# automatic
@D = $(patsubst %/,%,$(patsubst %\,%,$(dir $@)))
# environment
HOMEDRIVE = C:
# automatic
@F = $(notdir $@)
# automatic
^D = $(patsubst %/,%,$(patsubst %\,%,$(dir $^)))
# makefile
CURDIR := c:/Users/ferna/WORK/Projetos_CPP/File_Manager/cmake-build-debug
# makefile (from 'Makefile', line 47)
SHELL = cmd.exe
# makefile (from 'Makefile', line 53)
RM = "C:\Program Files\CMake\bin\cmake.exe" -E rm -f
# environment
CLION = C:\Program Files\JetBrains\CLion 2025.1\bin;
# default
CO = co
# environment
WINDIR = C:\WINDOWS
# environment
VSCODE_NLS_CONFIG = {"userLocale":"pt-br","osLocale":"pt-br","resolvedLanguage":"pt-br","defaultMessagesFile":"C:\\Users\\ferna\\AppData\\Local\\Programs\\Microsoft VS Code\\resources\\app\\out\\nls.messages.json","languagePack":{"translationsConfigFile":"C:\\Users\\ferna\\AppData\\Roaming\\Code\\clp\\505f98eeee092f15c25e49b38c3a801a.pt-br\\tcf.json","messagesFile":"C:\\Users\\ferna\\AppData\\Roaming\\Code\\clp\\505f98eeee092f15c25e49b38c3a801a.pt-br\\18e3a1ec544e6907be1e944a94c496e302073435\\nls.messages.json","corruptMarkerFile":"C:\\Users\\ferna\\AppData\\Roaming\\Code\\clp\\505f98eeee092f15c25e49b38c3a801a.pt-br\\corrupted.info"},"locale":"pt-br","availableLanguages":{"*":"pt-br"},"_languagePackId":"505f98eeee092f15c25e49b38c3a801a.pt-br","_languagePackSupport":true,"_translationsConfigFile":"C:\\Users\\ferna\\AppData\\Roaming\\Code\\clp\\505f98eeee092f15c25e49b38c3a801a.pt-br\\tcf.json","_cacheRoot":"C:\\Users\\ferna\\AppData\\Roaming\\Code\\clp\\505f98eeee092f15c25e49b38c3a801a.pt-br","_resolvedLanguagePackCoreLocation":"C:\\Users\\ferna\\AppData\\Roaming\\Code\\clp\\505f98eeee092f15c25e49b38c3a801a.pt-br\\18e3a1ec544e6907be1e944a94c496e302073435","_corruptedFile":"C:\\Users\\ferna\\AppData\\Roaming\\Code\\clp\\505f98eeee092f15c25e49b38c3a801a.pt-br\\corrupted.info"}
# default
PREPROCESS.F = $(FC) $(FFLAGS) $(CPPFLAGS) $(TARGET_ARCH) -F
# environment
ONEDRIVE = C:\Users\ferna\OneDrive
# default
LINK.m = $(OBJC) $(OBJCFLAGS) $(CPPFLAGS) $(LDFLAGS) $(TARGET_ARCH)
# default
LINK.o = $(CC) $(LDFLAGS) $(TARGET_ARCH)
# default
OUTPUT_OPTION = -o $@
# makefile (from 'Makefile', line 62)
CMAKE_BINARY_DIR = C:\Users\ferna\WORK\Projetos_CPP\File_Manager\cmake-build-debug
# default
COMPILE.cpp = $(COMPILE.cc)
# environment
PATHEXT = .COM;.EXE;.BAT;.CMD;.VBS;.VBE;.JS;.JSE;.WSF;.WSH;.MSC;.PY;.PYW
# makefile (from 'Makefile', line 1)
MAKEFILE_LIST :=  Makefile
# environment
TMP = C:\Users\ferna\AppData\Local\Temp
# default
LINK.p = $(PC) $(PFLAGS) $(CPPFLAGS) $(LDFLAGS) $(TARGET_ARCH)
# default
CC = cc
# environment
WEBSTORM = C:\Program Files\JetBrains\WebStorm 2025.1\bin;
# environment
PROGRAMW6432 = C:\Program Files
# default
CHECKOUT,v = +$(if $(wildcard $@),,$(CO) $(COFLAGS) $< $@)
# environment
PROGRAMDATA = C:\ProgramData
# makefile (from 'Makefile', line 35)
MAKESILENT = -s
# default
CPP = $(CC) -E
# environment
VSCODE_CWD = C:\Users\ferna\AppData\Local\Programs\Microsoft VS Code
# default
LINK.cc = $(CXX) $(CXXFLAGS) $(CPPFLAGS) $(LDFLAGS) $(TARGET_ARCH)
# default
MAKE_HOST := x86_64-w64-mingw32
# environment
PATH = C:\Python3132\Scripts\;C:\Python3132\;C:\Program Files\Common Files\Oracle\Java\javapath;C:\Program Files (x86)\Common Files\Oracle\Java\java8path;C:\Program Files (x86)\Common Files\Oracle\Java\javapath;C:\WINDOWS\system32;C:\WINDOWS;C:\WINDOWS\System32\Wbem;C:\WINDOWS\System32\WindowsPowerShell\v1.0\;C:\WINDOWS\System32\OpenSSH\;C:\Program Files\dotnet\;C:\Program Files\PowerShell\7\;C:\Program Files\Bandizip\;C:\Program Files\NVIDIA Corporation\NVIDIA App\NvDLISR;C:\Program Files (x86)\NVIDIA Corporation\PhysX\Common;C:\Program Files\CMake\bin;C:\MinGW\bin;C:\cygwin64\bin;C:\Program Files\nodejs\;C:\ProgramData\chocolatey\bin;C:\Program Files (x86)\Windows Kits\10\Windows Performance Toolkit\;C:\Program Files\Git\cmd;C:\Qt\6.9.1\mingw_64;C:\Users\ferna\AppData\Local\Programs\Python\Python313\Scripts\;C:\Users\ferna\AppData\Local\Programs\Python\Python313\;C:\Users\ferna\AppData\Local\Microsoft\WindowsApps;C:\MinGW\bin;C:\cygwin64\bin;C:\Users\ferna\AppData\Roaming\npm;C:\Users\ferna\AppData\Local\Apps\Tcl90\bin;C:\Users\ferna\AppData\Local\GitHubDesktop\bin;C:\Users\ferna\AppData\Local\Programs\Microsoft VS Code\bin;C:\Program Files\JetBrains\PyCharm 2025.1\bin;;C:\Program Files\JetBrains\IntelliJ IDEA 2025.1\bin;;C:\Program Files\JetBrains\CLion 2025.1\bin;;C:\Program Files\JetBrains\DataGrip 2025.1.1\bin;;C:\Program Files\JetBrains\WebStorm 2025.1\bin;;C:\Qt\6.9.1\mingw_64;
# default
LD = ld
# environment
COMMONPROGRAMW6432 = C:\Program Files\Common Files
# default
TEXI2DVI = texi2dvi
# environment
ZES_ENABLE_SYSMAN = 1
# default
YACC = yacc
# default
COMPILE.mod = $(M2C) $(M2FLAGS) $(MODFLAGS) $(TARGET_ARCH)
# environment
CHOCOLATEYLASTPATHUPDATE = 133908785401559401
# environment
PROCESSOR_ARCHITECTURE = AMD64
# default
LINK.r = $(FC) $(FFLAGS) $(RFLAGS) $(LDFLAGS) $(TARGET_ARCH)
# environment
USERPROFILE = C:\Users\ferna
# environment
CHOCOLATEYINSTALL = C:\ProgramData\chocolatey
# default
COMPILE.f = $(FC) $(FFLAGS) $(TARGET_ARCH) -c
# default
LINT.c = $(LINT) $(LINTFLAGS) $(CPPFLAGS) $(TARGET_ARCH)
# default
YACC.m = $(YACC) $(YFLAGS)
# default
LINT = lint
# environment
ALLUSERSPROFILE = C:\ProgramData
# default
YACC.y = $(YACC) $(YFLAGS)
# default
AR = ar
# environment
NUMBER_OF_PROCESSORS = 12
# environment
ELECTRON_RUN_AS_NODE = 1
# default
.FEATURES := target-specific order-only second-expansion else-if shortest-stem undefine oneshell archives jobserver output-sync
# default
TANGLE = tangle
# environment
CMAKE_PREFIX_PATH = C:\Qt
# default
GET = get
# environment
INTELLIJ IDEA = C:\Program Files\JetBrains\IntelliJ IDEA 2025.1\bin;
# automatic
%F = $(notdir $%)
# environment
CHROME_CRASHPAD_PIPE_NAME = \\.\pipe\crashpad_13056_DAXNNLOZECWHKBAM
# default
COMPILE.F = $(FC) $(FFLAGS) $(CPPFLAGS) $(TARGET_ARCH) -c
# default
CTANGLE = ctangle
# default
.LIBPATTERNS = lib%.dll.a %.dll.a lib%.a %.lib lib%.dll %.dll
# environment
COMPUTERNAME = FERNANDONCIDADE
# default
LINK.C = $(LINK.cc)
# environment
PROGRAMFILES = C:\Program Files
# default
.LOADED := 
# default
LINK.S = $(CC) $(ASFLAGS) $(CPPFLAGS) $(LDFLAGS) $(TARGET_MACH)
# environment
DRIVERDATA = C:\Windows\System32\Drivers\DriverData
# default
PREPROCESS.r = $(FC) $(FFLAGS) $(RFLAGS) $(TARGET_ARCH) -F
# environment
ORIGINAL_XDG_CURRENT_DESKTOP = undefined
# environment
USERNAME = ferna
# environment
PUBLIC = C:\Users\Public
# default
LINK.s = $(CC) $(ASFLAGS) $(LDFLAGS) $(TARGET_MACH)
# environment
VSCODE_CODE_CACHE_PATH = C:\Users\ferna\AppData\Roaming\Code\CachedData\18e3a1ec544e6907be1e944a94c496e302073435
# makefile (from 'Makefile', line 56)
EQUALS = =
# environment
COMMONPROGRAMFILES = C:\Program Files\Common Files
# environment
LOGONSERVER = \\FERNANDONCIDADE
# environment
VSCODE_HANDLES_UNCAUGHT_ERRORS = true
# environment
USERDOMAIN = FERNANDONCIDADE
# environment
MAKELEVEL := 0
# default
COMPILE.m = $(OBJC) $(OBJCFLAGS) $(CPPFLAGS) $(TARGET_ARCH) -c
# default
MAKE = $(MAKE_COMMAND)
# environment
EFC_10708_2283032206 = 1
# default
AS = as
# environment
VSCODE_ESM_ENTRYPOINT = vs/workbench/api/node/extensionHostProcess
# default
PREPROCESS.S = $(CC) -E $(CPPFLAGS)
# default
COMPILE.p = $(PC) $(PFLAGS) $(CPPFLAGS) $(TARGET_ARCH) -c
# default
MAKE_VERSION := 4.2.1
# default
FC = f77
# makefile
.DEFAULT_GOAL := default_target
# makefile (from 'Makefile', line 59)
CMAKE_SOURCE_DIR = C:\Users\ferna\WORK\Projetos_CPP\File_Manager
# environment
PROGRAMFILES(X86) = C:\Program Files (x86)
# automatic
%D = $(patsubst %/,%,$(patsubst %\,%,$(dir $%)))
# environment
LOCALAPPDATA = C:\Users\ferna\AppData\Local
# environment
PSMODULEPATH = C:\Program Files\WindowsPowerShell\Modules;C:\WINDOWS\system32\WindowsPowerShell\v1.0\Modules
# default
ARFLAGS = rv
# default
WEAVE = weave
# default
MAKE_COMMAND := C:/Qt/Tools/mingw1310_64/bin/mingw32-make
# default
LINK.cpp = $(LINK.cc)
# default
F77 = $(FC)
# default
COMPILE.cc = $(CXX) $(CXXFLAGS) $(CPPFLAGS) $(TARGET_ARCH) -c
# default
.VARIABLES := 
# default
PC = pc
# automatic
*F = $(notdir $*)
# environment
EFC_10708_3789132940 = 1
# environment
PROCESSOR_IDENTIFIER = Intel64 Family 6 Model 165 Stepping 2, GenuineIntel
# environment
OS = Windows_NT
# environment
VSCODE_IPC_HOOK = \\.\pipe\b27f14d7-1.101.1-main-sock
# default
COMPILE.def = $(M2C) $(M2FLAGS) $(DEFFLAGS) $(TARGET_ARCH)
# default
LEX = lex
# environment
HOMEPATH = \Users\ferna
# environment
COMMONPROGRAMFILES(X86) = C:\Program Files (x86)\Common Files
# environment
PROMPT = $P$G
# environment
MFLAGS = -npqsw
# automatic
*D = $(patsubst %/,%,$(patsubst %\,%,$(dir $*)))
# default
LEX.l = $(LEX) $(LFLAGS) -t
# default
LEX.m = $(LEX) $(LFLAGS) -t
# environment
SYSTEMROOT = C:\WINDOWS
# automatic
+D = $(patsubst %/,%,$(patsubst %\,%,$(dir $+)))
# default
COMPILE.r = $(FC) $(FFLAGS) $(RFLAGS) $(TARGET_ARCH) -c
# environment
VSCODE_L10N_BUNDLE_LOCATION = file:///c%3A/Users/ferna/.vscode/extensions/ms-ceintl.vscode-language-pack-pt-br-1.101.2025061109/translations/extensions/vscode.json-language-features.i18n.json
# environment
EFC_10708_1592913036 = 1
# automatic
+F = $(notdir $+)
# default
M2C = m2c
# environment
APPDATA = C:\Users\ferna\AppData\Roaming
# environment
TEMP = C:\Users\ferna\AppData\Local\Temp
# environment
COMSPEC = C:\WINDOWS\system32\cmd.exe
# default
MAKEFILES := 
# automatic
<F = $(notdir $<)
# default
CXX = g++
# default
COFLAGS = 
# environment
LC_ALL = C
# environment
DATAGRIP = C:\Program Files\JetBrains\DataGrip 2025.1.1\bin;
# default
COMPILE.C = $(COMPILE.cc)
# makefile (from 'Makefile', line 50)
CMAKE_COMMAND = "C:\Program Files\CMake\bin\cmake.exe"
# automatic
^F = $(notdir $^)
# default
COMPILE.S = $(CC) $(ASFLAGS) $(CPPFLAGS) $(TARGET_MACH) -c
# default
LINK.F = $(FC) $(FFLAGS) $(CPPFLAGS) $(LDFLAGS) $(TARGET_ARCH)
# default
SUFFIXES := .out .a .ln .o .c .cc .C .cpp .p .f .F .m .r .y .l .ym .yl .s .S .mod .sym .def .h .info .dvi .tex .texinfo .texi .txinfo .w .ch .web .sh .elc .el
# environment
SYSTEMDRIVE = C:
# default
COMPILE.c = $(CC) $(CFLAGS) $(CPPFLAGS) $(TARGET_ARCH) -c
# environment
SESSIONNAME = Console
# environment
PROCESSOR_REVISION = a502
# environment
PYCHARM = C:\Program Files\JetBrains\PyCharm 2025.1\bin;
# default
LINK.c = $(CC) $(CFLAGS) $(CPPFLAGS) $(LDFLAGS) $(TARGET_ARCH)
# default
COMPILE.s = $(AS) $(ASFLAGS) $(TARGET_MACH)
# default
.RECIPEPREFIX := 
# default
MAKEINFO = makeinfo
# default
OBJC = cc
# default
TEX = tex
# environment
LANG = C
# environment
PROCESSOR_LEVEL = 6
# default
F77FLAGS = $(FFLAGS)
# default
LINK.f = $(FC) $(FFLAGS) $(LDFLAGS) $(TARGET_ARCH)
# environment
VSCODE_PID = 13056
# environment
USERDOMAIN_ROAMINGPROFILE = FERNANDONCIDADE
# variable set hash-table stats:
# Load=168/1024=16%, Rehash=0, Collisions=27/198=14%

# Pattern-specific Variable Values

# No pattern-specific variable values.

# Directories

# SCCS: could not be stat'd.
# . (key c:/Users/ferna/WORK/Projetos_CPP/File_Manager/cmake-build-debug, mtime 1750821192): 10 files, no impossibilities.
# RCS: could not be stat'd.

# 10 files, no impossibilities in 3 directories.

# Implicit Rules

%: %,v

%: RCS/%

%: RCS/%,v

%: SCCS/s.%

%: s.%

%.hpux_make_needs_suffix_list:

(%): %
#  recipe to execute (built-in):
	$(AR) $(ARFLAGS) $@ $<

%.out: %
#  recipe to execute (built-in):
	@rm -f $@ 
	 cp $< $@

%.c: %.w %.ch
#  recipe to execute (built-in):
	$(CTANGLE) $^ $@

%.tex: %.w %.ch
#  recipe to execute (built-in):
	$(CWEAVE) $^ $@

# 10 implicit rules, 0 (0.0%) terminal.

# Files

cmake_force:
#  Phony target (prerequisite of .PHONY).
#  Implicit rule search has not been done.
#  File does not exist.
#  File has not been updated.

File_Manager.obj: File_Manager.cpp.obj
#  Phony target (prerequisite of .PHONY).
#  Implicit rule search has not been done.
#  File does not exist.
#  File has not been updated.

# Not a target:
.web.p:
#  Builtin rule
#  Implicit rule search has not been done.
#  Modification time never checked.
#  File has not been updated.
#  recipe to execute (built-in):
	$(TANGLE) $<

File_Manager_autogen_timestamp_deps: cmake_check_build_system
#  Phony target (prerequisite of .PHONY).
#  Implicit rule search has not been done.
#  File does not exist.
#  File has not been updated.
#  recipe to execute (from 'Makefile', line 143):
	$(MAKE) $(MAKESILENT) -f CMakeFiles\Makefile2 File_Manager_autogen_timestamp_deps

File_Manager.i: File_Manager.cpp.i
#  Phony target (prerequisite of .PHONY).
#  Implicit rule search has not been done.
#  File does not exist.
#  File has not been updated.

# Not a target:
.l.r:
#  Builtin rule
#  Implicit rule search has not been done.
#  Modification time never checked.
#  File has not been updated.
#  recipe to execute (built-in):
	$(LEX.l) $< > $@ 
	 mv -f lex.yy.r $@

edit_cache:
#  Phony target (prerequisite of .PHONY).
#  Implicit rule search has not been done.
#  File does not exist.
#  File has not been updated.
#  recipe to execute (from 'Makefile', line 69):
	@$(CMAKE_COMMAND) -E cmake_echo_color "--switch=$(COLOR)" --cyan "Running CMake cache editor..."
	"C:\Program Files\CMake\bin\cmake-gui.exe" -S$(CMAKE_SOURCE_DIR) -B$(CMAKE_BINARY_DIR)

DirectoryAnalyzer.cpp.i:
#  Phony target (prerequisite of .PHONY).
#  Implicit rule search has not been done.
#  File does not exist.
#  File has not been updated.
#  recipe to execute (from 'Makefile', line 177):
	$(MAKE) $(MAKESILENT) -f CMakeFiles\File_Manager.dir\build.make CMakeFiles/File_Manager.dir/DirectoryAnalyzer.cpp.i

# Not a target:
.dvi:
#  Builtin rule
#  Implicit rule search has not been done.
#  Modification time never checked.
#  File has not been updated.

# Not a target:
.ym:
#  Builtin rule
#  Implicit rule search has not been done.
#  Modification time never checked.
#  File has not been updated.

# Not a target:
.f.o:
#  Builtin rule
#  Implicit rule search has not been done.
#  Modification time never checked.
#  File has not been updated.
#  recipe to execute (built-in):
	$(COMPILE.f) $(OUTPUT_OPTION) $<

# Not a target:
.l:
#  Builtin rule
#  Implicit rule search has not been done.
#  Modification time never checked.
#  File has not been updated.

# Not a target:
.m:
#  Builtin rule
#  Implicit rule search has not been done.
#  Modification time never checked.
#  File has not been updated.
#  recipe to execute (built-in):
	$(LINK.m) $^ $(LOADLIBES) $(LDLIBS) -o $@

# Not a target:
.ln:
#  Builtin rule
#  Implicit rule search has not been done.
#  Modification time never checked.
#  File has not been updated.

# Not a target:
.o:
#  Builtin rule
#  Implicit rule search has not been done.
#  Modification time never checked.
#  File has not been updated.
#  recipe to execute (built-in):
	$(LINK.o) $^ $(LOADLIBES) $(LDLIBS) -o $@

# Not a target:
.y:
#  Builtin rule
#  Implicit rule search has not been done.
#  Modification time never checked.
#  File has not been updated.

# Not a target:
.def.sym:
#  Builtin rule
#  Implicit rule search has not been done.
#  Modification time never checked.
#  File has not been updated.
#  recipe to execute (built-in):
	$(COMPILE.def) -o $@ $<

.PHONY: default_target cmake_force edit_cache edit_cache/fast rebuild_cache rebuild_cache/fast all codegen clean clean/fast preinstall preinstall/fast depend File_Manager File_Manager/fast File_Manager_autogen_timestamp_deps File_Manager_autogen_timestamp_deps/fast File_Manager_autogen File_Manager_autogen/fast DirectoryAnalyzer.obj DirectoryAnalyzer.cpp.obj DirectoryAnalyzer.i DirectoryAnalyzer.cpp.i DirectoryAnalyzer.s DirectoryAnalyzer.cpp.s File_Manager.obj File_Manager.cpp.obj File_Manager.i File_Manager.cpp.i File_Manager.s File_Manager.cpp.s File_Manager_autogen/mocs_compilation.obj File_Manager_autogen/mocs_compilation.cpp.obj File_Manager_autogen/mocs_compilation.i File_Manager_autogen/mocs_compilation.cpp.i File_Manager_autogen/mocs_compilation.s File_Manager_autogen/mocs_compilation.cpp.s help cmake_check_build_system
#  Implicit rule search has not been done.
#  Modification time never checked.
#  File has not been updated.

File_Manager.cpp.i:
#  Phony target (prerequisite of .PHONY).
#  Implicit rule search has not been done.
#  File does not exist.
#  File has not been updated.
#  recipe to execute (from 'Makefile', line 201):
	$(MAKE) $(MAKESILENT) -f CMakeFiles\File_Manager.dir\build.make CMakeFiles/File_Manager.dir/File_Manager.cpp.i

# Not a target:
.p.o:
#  Builtin rule
#  Implicit rule search has not been done.
#  Modification time never checked.
#  File has not been updated.
#  recipe to execute (built-in):
	$(COMPILE.p) $(OUTPUT_OPTION) $<

# Not a target:
.p:
#  Builtin rule
#  Implicit rule search has not been done.
#  Modification time never checked.
#  File has not been updated.
#  recipe to execute (built-in):
	$(LINK.p) $^ $(LOADLIBES) $(LDLIBS) -o $@

# Not a target:
.txinfo.dvi:
#  Builtin rule
#  Implicit rule search has not been done.
#  Modification time never checked.
#  File has not been updated.
#  recipe to execute (built-in):
	$(TEXI2DVI) $(TEXI2DVI_FLAGS) $<

# Not a target:
.a:
#  Builtin rule
#  Implicit rule search has not been done.
#  Modification time never checked.
#  File has not been updated.

preinstall/fast:
#  Phony target (prerequisite of .PHONY).
#  Implicit rule search has not been done.
#  File does not exist.
#  File has not been updated.
#  recipe to execute (from 'Makefile', line 117):
	$(MAKE) $(MAKESILENT) -f CMakeFiles\Makefile2 preinstall

# Not a target:
.yl:
#  Builtin rule
#  Implicit rule search has not been done.
#  Modification time never checked.
#  File has not been updated.

# Not a target:
.l.ln:
#  Builtin rule
#  Implicit rule search has not been done.
#  Modification time never checked.
#  File has not been updated.
#  recipe to execute (built-in):
	@$(RM) $*.c
	 $(LEX.l) $< > $*.c
	$(LINT.c) -i $*.c -o $@
	 $(RM) $*.c

# Not a target:
.F.o:
#  Builtin rule
#  Implicit rule search has not been done.
#  Modification time never checked.
#  File has not been updated.
#  recipe to execute (built-in):
	$(COMPILE.F) $(OUTPUT_OPTION) $<

# Not a target:
.texi.info:
#  Builtin rule
#  Implicit rule search has not been done.
#  Modification time never checked.
#  File has not been updated.
#  recipe to execute (built-in):
	$(MAKEINFO) $(MAKEINFO_FLAGS) $< -o $@

# Not a target:
.w.c:
#  Builtin rule
#  Implicit rule search has not been done.
#  Modification time never checked.
#  File has not been updated.
#  recipe to execute (built-in):
	$(CTANGLE) $< - $@

# Not a target:
.texi.dvi:
#  Builtin rule
#  Implicit rule search has not been done.
#  Modification time never checked.
#  File has not been updated.
#  recipe to execute (built-in):
	$(TEXI2DVI) $(TEXI2DVI_FLAGS) $<

# Not a target:
.ch:
#  Builtin rule
#  Implicit rule search has not been done.
#  Modification time never checked.
#  File has not been updated.

# Not a target:
.m.o:
#  Builtin rule
#  Implicit rule search has not been done.
#  Modification time never checked.
#  File has not been updated.
#  recipe to execute (built-in):
	$(COMPILE.m) $(OUTPUT_OPTION) $<

# Not a target:
.cc:
#  Builtin rule
#  Implicit rule search has not been done.
#  Modification time never checked.
#  File has not been updated.
#  recipe to execute (built-in):
	$(LINK.cc) $^ $(LOADLIBES) $(LDLIBS) -o $@

# Not a target:
.cc.o:
#  Builtin rule
#  Implicit rule search has not been done.
#  Modification time never checked.
#  File has not been updated.
#  recipe to execute (built-in):
	$(COMPILE.cc) $(OUTPUT_OPTION) $<

# Not a target:
.def:
#  Builtin rule
#  Implicit rule search has not been done.
#  Modification time never checked.
#  File has not been updated.

.SUFFIXES: .hpux_make_needs_suffix_list
#  Implicit rule search has not been done.
#  Modification time never checked.
#  File has not been updated.

# Not a target:
.c.o:
#  Builtin rule
#  Implicit rule search has not been done.
#  Modification time never checked.
#  File has not been updated.
#  recipe to execute (built-in):
	$(COMPILE.c) $(OUTPUT_OPTION) $<

# Not a target:
Makefile:
#  Implicit rule search has been done.
#  Last modified 2025-06-25 00:12:35
#  File has been updated.
#  Successfully updated.

File_Manager/fast:
#  Phony target (prerequisite of .PHONY).
#  Implicit rule search has not been done.
#  File does not exist.
#  File has not been updated.
#  recipe to execute (from 'Makefile', line 135):
	$(MAKE) $(MAKESILENT) -f CMakeFiles\File_Manager.dir\build.make CMakeFiles/File_Manager.dir/build

# Not a target:
.r.o:
#  Builtin rule
#  Implicit rule search has not been done.
#  Modification time never checked.
#  File has not been updated.
#  recipe to execute (built-in):
	$(COMPILE.r) $(OUTPUT_OPTION) $<

# Not a target:
.r:
#  Builtin rule
#  Implicit rule search has not been done.
#  Modification time never checked.
#  File has not been updated.
#  recipe to execute (built-in):
	$(LINK.r) $^ $(LOADLIBES) $(LDLIBS) -o $@

File_Manager_autogen/mocs_compilation.s: File_Manager_autogen/mocs_compilation.cpp.s
#  Phony target (prerequisite of .PHONY).
#  Implicit rule search has not been done.
#  File does not exist.
#  File has not been updated.

# Not a target:
.ym.m:
#  Builtin rule
#  Implicit rule search has not been done.
#  Modification time never checked.
#  File has not been updated.
#  recipe to execute (built-in):
	$(YACC.m) $< 
	 mv -f y.tab.c $@

.NOTPARALLEL:
#  Implicit rule search has not been done.
#  Modification time never checked.
#  File has not been updated.

# Not a target:
.y.ln:
#  Builtin rule
#  Implicit rule search has not been done.
#  Modification time never checked.
#  File has not been updated.
#  recipe to execute (built-in):
	$(YACC.y) $< 
	 $(LINT.c) -C$* y.tab.c 
	 $(RM) y.tab.c

DirectoryAnalyzer.i: DirectoryAnalyzer.cpp.i
#  Phony target (prerequisite of .PHONY).
#  Implicit rule search has not been done.
#  File does not exist.
#  File has not been updated.

File_Manager_autogen/mocs_compilation.obj: File_Manager_autogen/mocs_compilation.cpp.obj
#  Phony target (prerequisite of .PHONY).
#  Implicit rule search has not been done.
#  File does not exist.
#  File has not been updated.

clean/fast: clean
#  Phony target (prerequisite of .PHONY).
#  Implicit rule search has not been done.
#  File does not exist.
#  File has not been updated.

# Not a target:
.elc:
#  Builtin rule
#  Implicit rule search has not been done.
#  Modification time never checked.
#  File has not been updated.

# Not a target:
.l.c:
#  Builtin rule
#  Implicit rule search has not been done.
#  Modification time never checked.
#  File has not been updated.
#  recipe to execute (built-in):
	@$(RM) $@ 
	 $(LEX.l) $< > $@

depend:
#  Phony target (prerequisite of .PHONY).
#  Implicit rule search has not been done.
#  File does not exist.
#  File has not been updated.
#  recipe to execute (from 'Makefile', line 122):
	$(CMAKE_COMMAND) -S$(CMAKE_SOURCE_DIR) -B$(CMAKE_BINARY_DIR) --check-build-system CMakeFiles\Makefile.cmake 1

# Not a target:
.out:
#  Builtin rule
#  Implicit rule search has not been done.
#  Modification time never checked.
#  File has not been updated.

all: cmake_check_build_system
#  Phony target (prerequisite of .PHONY).
#  Implicit rule search has not been done.
#  File does not exist.
#  File has been updated.
#  Needs to be updated (-q is set).
# variable set hash-table stats:
# Load=0/32=0%, Rehash=0, Collisions=0/6=0%
#  recipe to execute (from 'Makefile', line 89):
	$(CMAKE_COMMAND) -E cmake_progress_start C:\Users\ferna\WORK\Projetos_CPP\File_Manager\cmake-build-debug\CMakeFiles C:\Users\ferna\WORK\Projetos_CPP\File_Manager\cmake-build-debug\\CMakeFiles\progress.marks
	$(MAKE) $(MAKESILENT) -f CMakeFiles\Makefile2 all
	$(CMAKE_COMMAND) -E cmake_progress_start C:\Users\ferna\WORK\Projetos_CPP\File_Manager\cmake-build-debug\CMakeFiles 0

File_Manager_autogen/fast:
#  Phony target (prerequisite of .PHONY).
#  Implicit rule search has not been done.
#  File does not exist.
#  File has not been updated.
#  recipe to execute (from 'Makefile', line 161):
	$(MAKE) $(MAKESILENT) -f CMakeFiles\File_Manager_autogen.dir\build.make CMakeFiles/File_Manager_autogen.dir/build

# Not a target:
.C:
#  Builtin rule
#  Implicit rule search has not been done.
#  Modification time never checked.
#  File has not been updated.
#  recipe to execute (built-in):
	$(LINK.C) $^ $(LOADLIBES) $(LDLIBS) -o $@

# Not a target:
.r.f:
#  Builtin rule
#  Implicit rule search has not been done.
#  Modification time never checked.
#  File has not been updated.
#  recipe to execute (built-in):
	$(PREPROCESS.r) $(OUTPUT_OPTION) $<

DirectoryAnalyzer.cpp.s:
#  Phony target (prerequisite of .PHONY).
#  Implicit rule search has not been done.
#  File does not exist.
#  File has not been updated.
#  recipe to execute (from 'Makefile', line 185):
	$(MAKE) $(MAKESILENT) -f CMakeFiles\File_Manager.dir\build.make CMakeFiles/File_Manager.dir/DirectoryAnalyzer.cpp.s

# Not a target:
.S:
#  Builtin rule
#  Implicit rule search has not been done.
#  Modification time never checked.
#  File has not been updated.
#  recipe to execute (built-in):
	$(LINK.S) $^ $(LOADLIBES) $(LDLIBS) -o $@

# Not a target:
.texinfo.info:
#  Builtin rule
#  Implicit rule search has not been done.
#  Modification time never checked.
#  File has not been updated.
#  recipe to execute (built-in):
	$(MAKEINFO) $(MAKEINFO_FLAGS) $< -o $@

# Not a target:
.c:
#  Builtin rule
#  Implicit rule search has not been done.
#  Modification time never checked.
#  File has not been updated.
#  recipe to execute (built-in):
	$(LINK.c) $^ $(LOADLIBES) $(LDLIBS) -o $@

# Not a target:
.w.tex:
#  Builtin rule
#  Implicit rule search has not been done.
#  Modification time never checked.
#  File has not been updated.
#  recipe to execute (built-in):
	$(CWEAVE) $< - $@

help:
#  Phony target (prerequisite of .PHONY).
#  Implicit rule search has not been done.
#  File does not exist.
#  File has not been updated.
#  recipe to execute (from 'Makefile', line 238):
	@echo The following are some of the valid targets for this Makefile:
	@echo ... all (the default if no target is provided)
	@echo ... clean
	@echo ... depend
	@echo ... codegen
	@echo ... edit_cache
	@echo ... rebuild_cache
	@echo ... File_Manager_autogen
	@echo ... File_Manager_autogen_timestamp_deps
	@echo ... File_Manager
	@echo ... DirectoryAnalyzer.obj
	@echo ... DirectoryAnalyzer.i
	@echo ... DirectoryAnalyzer.s
	@echo ... File_Manager.obj
	@echo ... File_Manager.i
	@echo ... File_Manager.s
	@echo ... File_Manager_autogen/mocs_compilation.obj
	@echo ... File_Manager_autogen/mocs_compilation.i
	@echo ... File_Manager_autogen/mocs_compilation.s

# Not a target:
.c.ln:
#  Builtin rule
#  Implicit rule search has not been done.
#  Modification time never checked.
#  File has not been updated.
#  recipe to execute (built-in):
	$(LINT.c) -C$* $<

# Not a target:
.s.o:
#  Builtin rule
#  Implicit rule search has not been done.
#  Modification time never checked.
#  File has not been updated.
#  recipe to execute (built-in):
	$(COMPILE.s) -o $@ $<

# Not a target:
.s:
#  Builtin rule
#  Implicit rule search has not been done.
#  Modification time never checked.
#  File has not been updated.
#  recipe to execute (built-in):
	$(LINK.s) $^ $(LOADLIBES) $(LDLIBS) -o $@

preinstall: all
#  Phony target (prerequisite of .PHONY).
#  Implicit rule search has not been done.
#  File does not exist.
#  File has not been updated.
#  recipe to execute (from 'Makefile', line 112):
	$(MAKE) $(MAKESILENT) -f CMakeFiles\Makefile2 preinstall

File_Manager_autogen/mocs_compilation.cpp.i:
#  Phony target (prerequisite of .PHONY).
#  Implicit rule search has not been done.
#  File does not exist.
#  File has not been updated.
#  recipe to execute (from 'Makefile', line 225):
	$(MAKE) $(MAKESILENT) -f CMakeFiles\File_Manager.dir\build.make CMakeFiles/File_Manager.dir/File_Manager_autogen/mocs_compilation.cpp.i

DirectoryAnalyzer.cpp.obj:
#  Phony target (prerequisite of .PHONY).
#  Implicit rule search has not been done.
#  File does not exist.
#  File has not been updated.
#  recipe to execute (from 'Makefile', line 169):
	$(MAKE) $(MAKESILENT) -f CMakeFiles\File_Manager.dir\build.make CMakeFiles/File_Manager.dir/DirectoryAnalyzer.cpp.obj

File_Manager.cpp.s:
#  Phony target (prerequisite of .PHONY).
#  Implicit rule search has not been done.
#  File does not exist.
#  File has not been updated.
#  recipe to execute (from 'Makefile', line 209):
	$(MAKE) $(MAKESILENT) -f CMakeFiles\File_Manager.dir\build.make CMakeFiles/File_Manager.dir/File_Manager.cpp.s

.SILENT:
#  Implicit rule search has not been done.
#  Modification time never checked.
#  File has not been updated.

# Not a target:
.texinfo.dvi:
#  Builtin rule
#  Implicit rule search has not been done.
#  Modification time never checked.
#  File has not been updated.
#  recipe to execute (built-in):
	$(TEXI2DVI) $(TEXI2DVI_FLAGS) $<

# Not a target:
.el:
#  Builtin rule
#  Implicit rule search has not been done.
#  Modification time never checked.
#  File has not been updated.

File_Manager_autogen/mocs_compilation.i: File_Manager_autogen/mocs_compilation.cpp.i
#  Phony target (prerequisite of .PHONY).
#  Implicit rule search has not been done.
#  File does not exist.
#  File has not been updated.

# Not a target:
.lm.m:
#  Builtin rule
#  Implicit rule search has not been done.
#  Modification time never checked.
#  File has not been updated.
#  recipe to execute (built-in):
	@$(RM) $@ 
	 $(LEX.m) $< > $@

# Not a target:
.y.c:
#  Builtin rule
#  Implicit rule search has not been done.
#  Modification time never checked.
#  File has not been updated.
#  recipe to execute (built-in):
	$(YACC.y) $< 
	 mv -f y.tab.c $@

cmake_check_build_system:
#  Phony target (prerequisite of .PHONY).
#  Implicit rule search has not been done.
#  Implicit/static pattern stem: ''
#  File does not exist.
#  File has been updated.
#  Needs to be updated (-q is set).
# automatic
# @ := cmake_check_build_system
# automatic
# % := 
# automatic
# * := 
# automatic
# + := 
# automatic
# | := 
# automatic
# < := 
# automatic
# ^ := 
# automatic
# ? := 
# variable set hash-table stats:
# Load=8/32=25%, Rehash=0, Collisions=3/14=21%
#  recipe to execute (from 'Makefile', line 268):
	$(CMAKE_COMMAND) -S$(CMAKE_SOURCE_DIR) -B$(CMAKE_BINARY_DIR) --check-build-system CMakeFiles\Makefile.cmake 0

# Not a target:
.web.tex:
#  Builtin rule
#  Implicit rule search has not been done.
#  Modification time never checked.
#  File has not been updated.
#  recipe to execute (built-in):
	$(WEAVE) $<

# Not a target:
.texinfo:
#  Builtin rule
#  Implicit rule search has not been done.
#  Modification time never checked.
#  File has not been updated.

File_Manager.cpp.obj:
#  Phony target (prerequisite of .PHONY).
#  Implicit rule search has not been done.
#  File does not exist.
#  File has not been updated.
#  recipe to execute (from 'Makefile', line 193):
	$(MAKE) $(MAKESILENT) -f CMakeFiles\File_Manager.dir\build.make CMakeFiles/File_Manager.dir/File_Manager.cpp.obj

File_Manager: cmake_check_build_system
#  Phony target (prerequisite of .PHONY).
#  Implicit rule search has not been done.
#  File does not exist.
#  File has not been updated.
#  recipe to execute (from 'Makefile', line 130):
	$(MAKE) $(MAKESILENT) -f CMakeFiles\Makefile2 File_Manager

# Not a target:
.DEFAULT:
#  Implicit rule search has not been done.
#  Modification time never checked.
#  File has not been updated.

# Not a target:
.h:
#  Builtin rule
#  Implicit rule search has not been done.
#  Modification time never checked.
#  File has not been updated.

default_target: all
#  Phony target (prerequisite of .PHONY).
#  Implicit rule search has not been done.
#  File does not exist.
#  File has been updated.
#  Needs to be updated (-q is set).
# variable set hash-table stats:
# Load=0/32=0%, Rehash=0, Collisions=0/6=0%

# Not a target:
.tex.dvi:
#  Builtin rule
#  Implicit rule search has not been done.
#  Modification time never checked.
#  File has not been updated.
#  recipe to execute (built-in):
	$(TEX) $<

# Not a target:
.cpp.o:
#  Builtin rule
#  Implicit rule search has not been done.
#  Modification time never checked.
#  File has not been updated.
#  recipe to execute (built-in):
	$(COMPILE.cpp) $(OUTPUT_OPTION) $<

# Not a target:
.cpp:
#  Builtin rule
#  Implicit rule search has not been done.
#  Modification time never checked.
#  File has not been updated.
#  recipe to execute (built-in):
	$(LINK.cpp) $^ $(LOADLIBES) $(LDLIBS) -o $@

clean:
#  Phony target (prerequisite of .PHONY).
#  Implicit rule search has not been done.
#  File does not exist.
#  File has not been updated.
#  recipe to execute (from 'Makefile', line 103):
	$(MAKE) $(MAKESILENT) -f CMakeFiles\Makefile2 clean

# Not a target:
.C.o:
#  Builtin rule
#  Implicit rule search has not been done.
#  Modification time never checked.
#  File has not been updated.
#  recipe to execute (built-in):
	$(COMPILE.C) $(OUTPUT_OPTION) $<

# Not a target:
.texi:
#  Builtin rule
#  Implicit rule search has not been done.
#  Modification time never checked.
#  File has not been updated.

# Not a target:
.txinfo:
#  Builtin rule
#  Implicit rule search has not been done.
#  Modification time never checked.
#  File has not been updated.

rebuild_cache/fast: rebuild_cache
#  Phony target (prerequisite of .PHONY).
#  Implicit rule search has not been done.
#  File does not exist.
#  File has not been updated.

# Not a target:
.tex:
#  Builtin rule
#  Implicit rule search has not been done.
#  Modification time never checked.
#  File has not been updated.

edit_cache/fast: edit_cache
#  Phony target (prerequisite of .PHONY).
#  Implicit rule search has not been done.
#  File does not exist.
#  File has not been updated.

File_Manager_autogen: cmake_check_build_system
#  Phony target (prerequisite of .PHONY).
#  Implicit rule search has not been done.
#  File does not exist.
#  File has not been updated.
#  recipe to execute (from 'Makefile', line 156):
	$(MAKE) $(MAKESILENT) -f CMakeFiles\Makefile2 File_Manager_autogen

# Not a target:
.txinfo.info:
#  Builtin rule
#  Implicit rule search has not been done.
#  Modification time never checked.
#  File has not been updated.
#  recipe to execute (built-in):
	$(MAKEINFO) $(MAKEINFO_FLAGS) $< -o $@

# Not a target:
.sh:
#  Builtin rule
#  Implicit rule search has not been done.
#  Modification time never checked.
#  File has not been updated.
#  recipe to execute (built-in):
	cat $< >$@ 
	 chmod a+x $@

codegen: cmake_check_build_system
#  Phony target (prerequisite of .PHONY).
#  Implicit rule search has not been done.
#  File does not exist.
#  File has not been updated.
#  recipe to execute (from 'Makefile', line 96):
	$(CMAKE_COMMAND) -E cmake_progress_start C:\Users\ferna\WORK\Projetos_CPP\File_Manager\cmake-build-debug\CMakeFiles C:\Users\ferna\WORK\Projetos_CPP\File_Manager\cmake-build-debug\\CMakeFiles\progress.marks
	$(MAKE) $(MAKESILENT) -f CMakeFiles\Makefile2 codegen
	$(CMAKE_COMMAND) -E cmake_progress_start C:\Users\ferna\WORK\Projetos_CPP\File_Manager\cmake-build-debug\CMakeFiles 0

File_Manager_autogen_timestamp_deps/fast:
#  Phony target (prerequisite of .PHONY).
#  Implicit rule search has not been done.
#  File does not exist.
#  File has not been updated.
#  recipe to execute (from 'Makefile', line 148):
	$(MAKE) $(MAKESILENT) -f CMakeFiles\File_Manager_autogen_timestamp_deps.dir\build.make CMakeFiles/File_Manager_autogen_timestamp_deps.dir/build

# Not a target:
.S.s:
#  Builtin rule
#  Implicit rule search has not been done.
#  Modification time never checked.
#  File has not been updated.
#  recipe to execute (built-in):
	$(PREPROCESS.S) $< > $@

# Not a target:
.mod:
#  Builtin rule
#  Implicit rule search has not been done.
#  Modification time never checked.
#  File has not been updated.
#  recipe to execute (built-in):
	$(COMPILE.mod) -o $@ -e $@ $^

# Not a target:
.mod.o:
#  Builtin rule
#  Implicit rule search has not been done.
#  Modification time never checked.
#  File has not been updated.
#  recipe to execute (built-in):
	$(COMPILE.mod) -o $@ $<

# Not a target:
.F.f:
#  Builtin rule
#  Implicit rule search has not been done.
#  Modification time never checked.
#  File has not been updated.
#  recipe to execute (built-in):
	$(PREPROCESS.F) $(OUTPUT_OPTION) $<

# Not a target:
.hpux_make_needs_suffix_list:
#  Implicit rule search has not been done.
#  Modification time never checked.
#  File has not been updated.

# Not a target:
.w:
#  Builtin rule
#  Implicit rule search has not been done.
#  Modification time never checked.
#  File has not been updated.

File_Manager_autogen/mocs_compilation.cpp.s:
#  Phony target (prerequisite of .PHONY).
#  Implicit rule search has not been done.
#  File does not exist.
#  File has not been updated.
#  recipe to execute (from 'Makefile', line 233):
	$(MAKE) $(MAKESILENT) -f CMakeFiles\File_Manager.dir\build.make CMakeFiles/File_Manager.dir/File_Manager_autogen/mocs_compilation.cpp.s

DirectoryAnalyzer.s: DirectoryAnalyzer.cpp.s
#  Phony target (prerequisite of .PHONY).
#  Implicit rule search has not been done.
#  File does not exist.
#  File has not been updated.

# Not a target:
.S.o:
#  Builtin rule
#  Implicit rule search has not been done.
#  Modification time never checked.
#  File has not been updated.
#  recipe to execute (built-in):
	$(COMPILE.S) -o $@ $<

File_Manager_autogen/mocs_compilation.cpp.obj:
#  Phony target (prerequisite of .PHONY).
#  Implicit rule search has not been done.
#  File does not exist.
#  File has not been updated.
#  recipe to execute (from 'Makefile', line 217):
	$(MAKE) $(MAKESILENT) -f CMakeFiles\File_Manager.dir\build.make CMakeFiles/File_Manager.dir/File_Manager_autogen/mocs_compilation.cpp.obj

DirectoryAnalyzer.obj: DirectoryAnalyzer.cpp.obj
#  Phony target (prerequisite of .PHONY).
#  Implicit rule search has not been done.
#  File does not exist.
#  File has not been updated.

# Not a target:
.F:
#  Builtin rule
#  Implicit rule search has not been done.
#  Modification time never checked.
#  File has not been updated.
#  recipe to execute (built-in):
	$(LINK.F) $^ $(LOADLIBES) $(LDLIBS) -o $@

File_Manager.s: File_Manager.cpp.s
#  Phony target (prerequisite of .PHONY).
#  Implicit rule search has not been done.
#  File does not exist.
#  File has not been updated.

# Not a target:
.web:
#  Builtin rule
#  Implicit rule search has not been done.
#  Modification time never checked.
#  File has not been updated.

# Not a target:
.sym:
#  Builtin rule
#  Implicit rule search has not been done.
#  Modification time never checked.
#  File has not been updated.

# Not a target:
.f:
#  Builtin rule
#  Implicit rule search has not been done.
#  Modification time never checked.
#  File has not been updated.
#  recipe to execute (built-in):
	$(LINK.f) $^ $(LOADLIBES) $(LDLIBS) -o $@

# Not a target:
.info:
#  Builtin rule
#  Implicit rule search has not been done.
#  Modification time never checked.
#  File has not been updated.

rebuild_cache:
#  Phony target (prerequisite of .PHONY).
#  Implicit rule search has not been done.
#  File does not exist.
#  File has not been updated.
#  recipe to execute (from 'Makefile', line 79):
	@$(CMAKE_COMMAND) -E cmake_echo_color "--switch=$(COLOR)" --cyan "Running CMake to regenerate build system..."
	"C:\Program Files\CMake\bin\cmake.exe" --regenerate-during-build -S$(CMAKE_SOURCE_DIR) -B$(CMAKE_BINARY_DIR)

# files hash-table stats:
# Load=116/1024=11%, Rehash=0, Collisions=60/287=21%
# VPATH Search Paths

# No 'vpath' search paths.

# No general ('VPATH' variable) search path.

# strcache buffers: 1 (0) / strings = 136 / storage = 1548 B / avg = 11 B
# current buf: size = 8162 B / used = 1548 B / count = 136 / avg = 11 B

# strcache performance: lookups = 347 / hit rate = 60%
# hash-table stats:
# Load=136/8192=2%, Rehash=0, Collisions=20/347=6%
# Finished Make data base on Wed Jun 25 14:37:07 2025

 
